mode: atomic
oficina-tech/internal/modules/billing/module.go:28.11,29.19 1 2
oficina-tech/internal/modules/billing/module.go:29.19,31.3 1 1
oficina-tech/internal/modules/billing/module.go:32.2,38.3 1 2
oficina-tech/internal/modules/billing/application/usecases/create_payment_preference.go:14.92,16.2 1 1
oficina-tech/internal/modules/billing/application/usecases/create_payment_preference.go:18.129,20.2 1 1
oficina-tech/internal/modules/billing/application/usecases/create_payment_preference.go:22.87,24.37 2 2
oficina-tech/internal/modules/billing/application/usecases/create_payment_preference.go:24.37,25.23 1 1
oficina-tech/internal/modules/billing/application/usecases/create_payment_preference.go:25.23,26.12 1 0
oficina-tech/internal/modules/billing/application/usecases/create_payment_preference.go:28.3,32.5 1 1
oficina-tech/internal/modules/billing/application/usecases/create_payment_preference.go:34.2,34.21 1 2
oficina-tech/internal/modules/billing/application/usecases/create_payment_preference.go:34.21,40.3 1 1
oficina-tech/internal/modules/billing/application/usecases/create_payment_preference.go:41.2,41.14 1 2
oficina-tech/internal/modules/billing/application/usecases/get_payment_status.go:20.75,22.2 1 3
oficina-tech/internal/modules/billing/application/usecases/get_payment_status.go:24.114,26.16 2 3
oficina-tech/internal/modules/billing/application/usecases/get_payment_status.go:26.16,28.3 1 1
oficina-tech/internal/modules/billing/application/usecases/get_payment_status.go:29.2,29.124 1 2
oficina-tech/internal/modules/billing/application/usecases/get_payment_status.go:29.124,31.3 1 1
oficina-tech/internal/modules/billing/application/usecases/get_payment_status.go:32.2,32.64 1 1
oficina-tech/internal/modules/billing/application/usecases/get_payment_status.go:32.64,34.3 1 0
oficina-tech/internal/modules/billing/application/usecases/get_payment_status.go:35.2,39.8 1 1
oficina-tech/internal/modules/billing/application/usecases/handle_payment_webhook.go:38.25,46.2 1 11
oficina-tech/internal/modules/billing/application/usecases/handle_payment_webhook.go:48.132,50.16 2 11
oficina-tech/internal/modules/billing/application/usecases/handle_payment_webhook.go:50.16,52.3 1 0
oficina-tech/internal/modules/billing/application/usecases/handle_payment_webhook.go:54.2,55.19 2 11
oficina-tech/internal/modules/billing/application/usecases/handle_payment_webhook.go:55.19,57.3 1 2
oficina-tech/internal/modules/billing/application/usecases/handle_payment_webhook.go:58.2,58.19 1 11
oficina-tech/internal/modules/billing/application/usecases/handle_payment_webhook.go:58.19,60.3 1 1
oficina-tech/internal/modules/billing/application/usecases/handle_payment_webhook.go:62.2,62.26 1 10
oficina-tech/internal/modules/billing/application/usecases/handle_payment_webhook.go:63.18,64.53 1 6
oficina-tech/internal/modules/billing/application/usecases/handle_payment_webhook.go:65.43,66.71 1 2
oficina-tech/internal/modules/billing/application/usecases/handle_payment_webhook.go:67.31,68.104 1 1
oficina-tech/internal/modules/billing/application/usecases/handle_payment_webhook.go:69.10,70.104 1 1
oficina-tech/internal/modules/billing/application/usecases/handle_payment_webhook.go:74.131,76.16 2 6
oficina-tech/internal/modules/billing/application/usecases/handle_payment_webhook.go:76.16,78.3 1 0
oficina-tech/internal/modules/billing/application/usecases/handle_payment_webhook.go:79.2,79.48 1 6
oficina-tech/internal/modules/billing/application/usecases/handle_payment_webhook.go:79.48,81.3 1 1
oficina-tech/internal/modules/billing/application/usecases/handle_payment_webhook.go:82.2,82.59 1 5
oficina-tech/internal/modules/billing/application/usecases/handle_payment_webhook.go:82.59,84.3 1 1
oficina-tech/internal/modules/billing/application/usecases/handle_payment_webhook.go:86.2,87.56 2 4
oficina-tech/internal/modules/billing/application/usecases/handle_payment_webhook.go:87.56,89.3 1 0
oficina-tech/internal/modules/billing/application/usecases/handle_payment_webhook.go:90.2,90.101 1 4
oficina-tech/internal/modules/billing/application/usecases/handle_payment_webhook.go:90.101,92.3 1 1
oficina-tech/internal/modules/billing/application/usecases/handle_payment_webhook.go:93.2,93.54 1 3
oficina-tech/internal/modules/billing/application/usecases/handle_payment_webhook.go:93.54,95.3 1 0
oficina-tech/internal/modules/billing/application/usecases/handle_payment_webhook.go:96.2,97.112 2 3
oficina-tech/internal/modules/billing/application/usecases/handle_payment_webhook.go:100.146,102.16 2 2
oficina-tech/internal/modules/billing/application/usecases/handle_payment_webhook.go:102.16,104.3 1 0
oficina-tech/internal/modules/billing/application/usecases/handle_payment_webhook.go:105.2,105.53 1 2
oficina-tech/internal/modules/billing/application/usecases/handle_payment_webhook.go:105.53,107.3 1 1
oficina-tech/internal/modules/billing/application/usecases/handle_payment_webhook.go:108.2,108.59 1 1
oficina-tech/internal/modules/billing/application/usecases/handle_payment_webhook.go:108.59,110.3 1 0
oficina-tech/internal/modules/billing/application/usecases/handle_payment_webhook.go:112.2,113.46 2 1
oficina-tech/internal/modules/billing/application/usecases/handle_payment_webhook.go:113.46,115.3 1 0
oficina-tech/internal/modules/billing/application/usecases/handle_payment_webhook.go:116.2,116.104 1 1
oficina-tech/internal/modules/billing/application/usecases/handle_payment_webhook.go:116.104,118.3 1 0
oficina-tech/internal/modules/billing/application/usecases/handle_payment_webhook.go:119.2,119.54 1 1
oficina-tech/internal/modules/billing/application/usecases/handle_payment_webhook.go:119.54,121.3 1 0
oficina-tech/internal/modules/billing/application/usecases/handle_payment_webhook.go:122.2,123.112 2 1
oficina-tech/internal/modules/billing/application/usecases/handle_payment_webhook.go:126.188,131.16 5 5
oficina-tech/internal/modules/billing/application/usecases/handle_payment_webhook.go:131.16,133.3 1 0
oficina-tech/internal/modules/billing/application/usecases/handle_payment_webhook.go:134.2,134.42 1 5
oficina-tech/internal/modules/billing/application/usecases/handle_payment_webhook.go:137.159,139.16 2 4
oficina-tech/internal/modules/billing/application/usecases/handle_payment_webhook.go:139.16,146.3 2 1
oficina-tech/internal/modules/billing/application/usecases/handle_payment_webhook.go:148.2,148.145 1 3
oficina-tech/internal/modules/billing/application/usecases/handle_payment_webhook.go:148.145,153.3 1 0
oficina-tech/internal/modules/billing/infra/http/routes.go:16.3,17.62 1 1
oficina-tech/internal/modules/billing/infra/http/routes.go:17.62,20.3 1 1
oficina-tech/internal/modules/billing/infra/http/routes.go:22.2,23.126 2 1
oficina-tech/internal/modules/billing/infra/mercado_pago/client.go:28.50,30.77 2 4
oficina-tech/internal/modules/billing/infra/mercado_pago/client.go:30.77,32.3 1 0
oficina-tech/internal/modules/billing/infra/mercado_pago/client.go:33.2,41.33 2 4
oficina-tech/internal/modules/billing/infra/mercado_pago/client.go:41.33,43.3 1 8
oficina-tech/internal/modules/billing/infra/mercado_pago/client.go:44.2,44.15 1 4
oficina-tech/internal/modules/billing/infra/mercado_pago/client.go:47.41,48.25 1 3
oficina-tech/internal/modules/billing/infra/mercado_pago/client.go:48.25,50.3 1 3
oficina-tech/internal/modules/billing/infra/mercado_pago/client.go:53.49,54.25 1 4
oficina-tech/internal/modules/billing/infra/mercado_pago/client.go:54.25,56.3 1 4
oficina-tech/internal/modules/billing/infra/mercado_pago/client.go:59.57,60.25 1 1
oficina-tech/internal/modules/billing/infra/mercado_pago/client.go:60.25,62.3 1 1
oficina-tech/internal/modules/billing/infra/mercado_pago/client.go:65.53,66.25 1 0
oficina-tech/internal/modules/billing/infra/mercado_pago/client.go:66.25,68.3 1 0
oficina-tech/internal/modules/billing/infra/mercado_pago/client.go:71.153,72.25 1 2
oficina-tech/internal/modules/billing/infra/mercado_pago/client.go:72.25,74.3 1 0
oficina-tech/internal/modules/billing/infra/mercado_pago/client.go:75.2,75.23 1 2
oficina-tech/internal/modules/billing/infra/mercado_pago/client.go:75.23,77.3 1 1
oficina-tech/internal/modules/billing/infra/mercado_pago/client.go:79.2,80.29 2 2
oficina-tech/internal/modules/billing/infra/mercado_pago/client.go:80.29,86.3 1 1
oficina-tech/internal/modules/billing/infra/mercado_pago/client.go:88.2,95.100 3 2
oficina-tech/internal/modules/billing/infra/mercado_pago/client.go:95.100,97.3 1 0
oficina-tech/internal/modules/billing/infra/mercado_pago/client.go:99.2,100.19 2 2
oficina-tech/internal/modules/billing/infra/mercado_pago/client.go:100.19,102.3 1 1
oficina-tech/internal/modules/billing/infra/mercado_pago/client.go:103.2,106.8 1 2
oficina-tech/internal/modules/billing/infra/mercado_pago/client.go:109.94,110.25 1 3
oficina-tech/internal/modules/billing/infra/mercado_pago/client.go:110.25,112.3 1 1
oficina-tech/internal/modules/billing/infra/mercado_pago/client.go:114.2,115.97 2 2
oficina-tech/internal/modules/billing/infra/mercado_pago/client.go:115.97,117.3 1 1
oficina-tech/internal/modules/billing/infra/mercado_pago/client.go:119.2,123.8 1 1
oficina-tech/internal/modules/billing/infra/mercado_pago/client.go:126.92,129.17 3 4
oficina-tech/internal/modules/billing/infra/mercado_pago/client.go:129.17,131.17 2 2
oficina-tech/internal/modules/billing/infra/mercado_pago/client.go:131.17,133.4 1 0
oficina-tech/internal/modules/billing/infra/mercado_pago/client.go:136.2,137.43 2 4
oficina-tech/internal/modules/billing/infra/mercado_pago/client.go:137.43,139.17 2 5
oficina-tech/internal/modules/billing/infra/mercado_pago/client.go:139.17,141.4 1 0
oficina-tech/internal/modules/billing/infra/mercado_pago/client.go:142.3,147.17 5 5
oficina-tech/internal/modules/billing/infra/mercado_pago/client.go:147.17,149.19 2 0
oficina-tech/internal/modules/billing/infra/mercado_pago/client.go:149.19,150.13 1 0
oficina-tech/internal/modules/billing/infra/mercado_pago/client.go:152.4,152.14 1 0
oficina-tech/internal/modules/billing/infra/mercado_pago/client.go:155.3,157.21 3 5
oficina-tech/internal/modules/billing/infra/mercado_pago/client.go:157.21,159.4 1 0
oficina-tech/internal/modules/billing/infra/mercado_pago/client.go:161.3,161.44 1 5
oficina-tech/internal/modules/billing/infra/mercado_pago/client.go:161.44,163.12 2 1
oficina-tech/internal/modules/billing/infra/mercado_pago/client.go:165.3,165.54 1 4
oficina-tech/internal/modules/billing/infra/mercado_pago/client.go:165.54,167.4 1 1
oficina-tech/internal/modules/billing/infra/mercado_pago/client.go:168.3,168.17 1 3
oficina-tech/internal/modules/billing/infra/mercado_pago/client.go:168.17,170.4 1 0
oficina-tech/internal/modules/billing/infra/mercado_pago/client.go:171.3,171.55 1 3
oficina-tech/internal/modules/billing/infra/mercado_pago/client.go:171.55,173.4 1 0
oficina-tech/internal/modules/billing/infra/mercado_pago/client.go:174.3,174.13 1 3
oficina-tech/internal/modules/billing/infra/mercado_pago/client.go:176.2,176.16 1 0
oficina-tech/internal/modules/billing/infra/mercado_pago/signature_validator.go:17.63,19.2 1 4
oficina-tech/internal/modules/billing/infra/mercado_pago/signature_validator.go:21.87,22.20 1 4
oficina-tech/internal/modules/billing/infra/mercado_pago/signature_validator.go:22.20,24.3 1 1
oficina-tech/internal/modules/billing/infra/mercado_pago/signature_validator.go:25.2,26.48 2 3
oficina-tech/internal/modules/billing/infra/mercado_pago/signature_validator.go:26.48,28.3 1 1
oficina-tech/internal/modules/billing/infra/mercado_pago/signature_validator.go:30.2,35.74 5 2
oficina-tech/internal/modules/billing/infra/mercado_pago/signature_validator.go:35.74,37.3 1 1
oficina-tech/internal/modules/billing/infra/mercado_pago/signature_validator.go:38.2,38.12 1 1
oficina-tech/internal/modules/billing/infra/mercado_pago/signature_validator.go:41.65,44.50 3 3
oficina-tech/internal/modules/billing/infra/mercado_pago/signature_validator.go:44.50,46.13 2 5
oficina-tech/internal/modules/billing/infra/mercado_pago/signature_validator.go:46.13,47.12 1 0
oficina-tech/internal/modules/billing/infra/mercado_pago/signature_validator.go:49.3,49.33 1 5
oficina-tech/internal/modules/billing/infra/mercado_pago/signature_validator.go:50.13,51.33 1 2
oficina-tech/internal/modules/billing/infra/mercado_pago/signature_validator.go:52.13,53.33 1 3
oficina-tech/internal/modules/billing/infra/mercado_pago/signature_validator.go:56.2,56.37 1 3
oficina-tech/internal/modules/billing/infra/http/handlers/payment_handler.go:16.85,18.2 1 3
oficina-tech/internal/modules/billing/infra/http/handlers/payment_handler.go:20.89,25.59 4 3
oficina-tech/internal/modules/billing/infra/http/handlers/payment_handler.go:25.59,28.3 2 1
oficina-tech/internal/modules/billing/infra/http/handlers/payment_handler.go:30.2,31.16 2 2
oficina-tech/internal/modules/billing/infra/http/handlers/payment_handler.go:31.16,33.47 2 1
oficina-tech/internal/modules/billing/infra/http/handlers/payment_handler.go:33.47,36.4 2 1
oficina-tech/internal/modules/billing/infra/http/handlers/payment_handler.go:37.3,39.9 3 0
oficina-tech/internal/modules/billing/infra/http/handlers/payment_handler.go:42.2,46.4 1 1
oficina-tech/internal/modules/billing/infra/http/handlers/webhook_handler.go:20.124,22.2 1 8
oficina-tech/internal/modules/billing/infra/http/handlers/webhook_handler.go:32.73,37.65 4 8
oficina-tech/internal/modules/billing/infra/http/handlers/webhook_handler.go:37.65,40.3 2 1
oficina-tech/internal/modules/billing/infra/http/handlers/webhook_handler.go:42.2,43.21 2 7
oficina-tech/internal/modules/billing/infra/http/handlers/webhook_handler.go:43.21,45.3 1 6
oficina-tech/internal/modules/billing/infra/http/handlers/webhook_handler.go:46.2,46.21 1 7
oficina-tech/internal/modules/billing/infra/http/handlers/webhook_handler.go:46.21,49.3 2 1
oficina-tech/internal/modules/billing/infra/http/handlers/webhook_handler.go:51.2,51.115 1 6
oficina-tech/internal/modules/billing/infra/http/handlers/webhook_handler.go:51.115,54.3 2 1
oficina-tech/internal/modules/billing/infra/http/handlers/webhook_handler.go:56.2,60.16 2 5
oficina-tech/internal/modules/billing/infra/http/handlers/webhook_handler.go:60.16,65.3 4 1
oficina-tech/internal/modules/billing/infra/http/handlers/webhook_handler.go:67.2,71.4 1 4
oficina-tech/internal/modules/billing/infra/http/handlers/webhook_handler.go:74.36,75.18 1 10
oficina-tech/internal/modules/billing/infra/http/handlers/webhook_handler.go:75.18,77.3 1 2
oficina-tech/internal/modules/billing/infra/http/handlers/webhook_handler.go:78.2,78.31 1 8
oficina-tech/internal/modules/billing/infra/http/handlers/webhook_handler.go:79.14,80.15 1 6
oficina-tech/internal/modules/billing/infra/http/handlers/webhook_handler.go:81.15,82.36 1 1
oficina-tech/internal/modules/billing/infra/http/handlers/webhook_handler.go:83.10,84.27 1 1
