mode: atomic
oficina-tech/internal/modules/service_order/application/saga/saga_orchestrator.go:41.17,49.2 1 20
oficina-tech/internal/modules/service_order/application/saga/saga_orchestrator.go:51.182,53.16 2 9
oficina-tech/internal/modules/service_order/application/saga/saga_orchestrator.go:53.16,55.3 1 0
oficina-tech/internal/modules/service_order/application/saga/saga_orchestrator.go:56.2,56.23 1 9
oficina-tech/internal/modules/service_order/application/saga/saga_orchestrator.go:56.23,58.3 1 0
oficina-tech/internal/modules/service_order/application/saga/saga_orchestrator.go:59.2,59.69 1 9
oficina-tech/internal/modules/service_order/application/saga/saga_orchestrator.go:59.69,61.3 1 1
oficina-tech/internal/modules/service_order/application/saga/saga_orchestrator.go:63.2,64.21 2 8
oficina-tech/internal/modules/service_order/application/saga/saga_orchestrator.go:64.21,65.91 1 1
oficina-tech/internal/modules/service_order/application/saga/saga_orchestrator.go:65.91,67.4 1 0
oficina-tech/internal/modules/service_order/application/saga/saga_orchestrator.go:68.3,68.55 1 1
oficina-tech/internal/modules/service_order/application/saga/saga_orchestrator.go:71.2,72.69 2 7
oficina-tech/internal/modules/service_order/application/saga/saga_orchestrator.go:72.69,74.3 1 0
oficina-tech/internal/modules/service_order/application/saga/saga_orchestrator.go:75.2,75.53 1 7
oficina-tech/internal/modules/service_order/application/saga/saga_orchestrator.go:75.53,77.3 1 0
oficina-tech/internal/modules/service_order/application/saga/saga_orchestrator.go:79.2,79.94 1 7
oficina-tech/internal/modules/service_order/application/saga/saga_orchestrator.go:79.94,81.3 1 1
oficina-tech/internal/modules/service_order/application/saga/saga_orchestrator.go:83.2,83.69 1 6
oficina-tech/internal/modules/service_order/application/saga/saga_orchestrator.go:86.110,88.16 2 5
oficina-tech/internal/modules/service_order/application/saga/saga_orchestrator.go:88.16,90.3 1 0
oficina-tech/internal/modules/service_order/application/saga/saga_orchestrator.go:91.2,91.23 1 5
oficina-tech/internal/modules/service_order/application/saga/saga_orchestrator.go:91.23,93.3 1 0
oficina-tech/internal/modules/service_order/application/saga/saga_orchestrator.go:94.2,94.69 1 5
oficina-tech/internal/modules/service_order/application/saga/saga_orchestrator.go:94.69,96.3 1 0
oficina-tech/internal/modules/service_order/application/saga/saga_orchestrator.go:98.2,98.24 1 5
oficina-tech/internal/modules/service_order/application/saga/saga_orchestrator.go:99.68,100.127 1 1
oficina-tech/internal/modules/service_order/application/saga/saga_orchestrator.go:100.127,102.4 1 0
oficina-tech/internal/modules/service_order/application/saga/saga_orchestrator.go:103.3,103.55 1 1
oficina-tech/internal/modules/service_order/application/saga/saga_orchestrator.go:104.112,105.99 1 1
oficina-tech/internal/modules/service_order/application/saga/saga_orchestrator.go:106.100,107.100 1 2
oficina-tech/internal/modules/service_order/application/saga/saga_orchestrator.go:108.10,109.55 1 1
oficina-tech/internal/modules/service_order/application/saga/saga_orchestrator.go:113.97,115.16 2 2
oficina-tech/internal/modules/service_order/application/saga/saga_orchestrator.go:115.16,117.3 1 0
oficina-tech/internal/modules/service_order/application/saga/saga_orchestrator.go:118.2,118.42 1 2
oficina-tech/internal/modules/service_order/application/saga/saga_orchestrator.go:121.114,123.16 2 3
oficina-tech/internal/modules/service_order/application/saga/saga_orchestrator.go:123.16,125.3 1 0
oficina-tech/internal/modules/service_order/application/saga/saga_orchestrator.go:126.2,126.41 1 3
oficina-tech/internal/modules/service_order/application/saga/saga_orchestrator.go:126.41,128.3 1 2
oficina-tech/internal/modules/service_order/application/saga/saga_orchestrator.go:130.2,132.16 3 1
oficina-tech/internal/modules/service_order/application/saga/saga_orchestrator.go:132.16,134.3 1 0
oficina-tech/internal/modules/service_order/application/saga/saga_orchestrator.go:136.2,138.31 3 1
oficina-tech/internal/modules/service_order/application/saga/saga_orchestrator.go:138.31,139.58 1 1
oficina-tech/internal/modules/service_order/application/saga/saga_orchestrator.go:139.58,141.4 1 0
oficina-tech/internal/modules/service_order/application/saga/saga_orchestrator.go:143.2,145.112 2 1
oficina-tech/internal/modules/service_order/application/saga/saga_orchestrator.go:145.112,147.3 1 0
oficina-tech/internal/modules/service_order/application/saga/saga_orchestrator.go:148.2,148.53 1 1
oficina-tech/internal/modules/service_order/application/saga/saga_orchestrator.go:148.53,150.3 1 0
oficina-tech/internal/modules/service_order/application/saga/saga_orchestrator.go:151.2,152.12 2 1
oficina-tech/internal/modules/service_order/application/saga/saga_orchestrator.go:155.108,157.16 2 2
oficina-tech/internal/modules/service_order/application/saga/saga_orchestrator.go:157.16,159.3 1 0
oficina-tech/internal/modules/service_order/application/saga/saga_orchestrator.go:160.2,160.41 1 2
oficina-tech/internal/modules/service_order/application/saga/saga_orchestrator.go:160.41,162.3 1 1
oficina-tech/internal/modules/service_order/application/saga/saga_orchestrator.go:164.2,169.111 5 1
oficina-tech/internal/modules/service_order/application/saga/saga_orchestrator.go:169.111,171.3 1 0
oficina-tech/internal/modules/service_order/application/saga/saga_orchestrator.go:172.2,172.53 1 1
oficina-tech/internal/modules/service_order/application/saga/saga_orchestrator.go:172.53,174.3 1 0
oficina-tech/internal/modules/service_order/application/saga/saga_orchestrator.go:175.2,176.12 2 1
oficina-tech/internal/modules/service_order/application/saga/saga_orchestrator.go:179.72,181.16 2 2
oficina-tech/internal/modules/service_order/application/saga/saga_orchestrator.go:181.16,183.3 1 0
oficina-tech/internal/modules/service_order/application/saga/saga_orchestrator.go:185.2,185.31 1 2
oficina-tech/internal/modules/service_order/application/saga/saga_orchestrator.go:185.31,186.35 1 2
oficina-tech/internal/modules/service_order/application/saga/saga_orchestrator.go:186.35,187.12 1 1
oficina-tech/internal/modules/service_order/application/saga/saga_orchestrator.go:189.3,190.17 2 1
oficina-tech/internal/modules/service_order/application/saga/saga_orchestrator.go:190.17,192.4 1 0
oficina-tech/internal/modules/service_order/application/saga/saga_orchestrator.go:193.3,193.127 1 1
oficina-tech/internal/modules/service_order/application/saga/saga_orchestrator.go:193.127,195.4 1 0
oficina-tech/internal/modules/service_order/application/saga/saga_orchestrator.go:196.3,196.134 1 1
oficina-tech/internal/modules/service_order/application/saga/saga_orchestrator.go:198.2,198.12 1 2
oficina-tech/internal/modules/service_order/application/saga/saga_orchestrator.go:208.9,210.31 2 2
oficina-tech/internal/modules/service_order/application/saga/saga_orchestrator.go:210.31,211.58 1 2
oficina-tech/internal/modules/service_order/application/saga/saga_orchestrator.go:211.58,213.4 1 0
oficina-tech/internal/modules/service_order/application/saga/saga_orchestrator.go:215.2,217.106 2 2
oficina-tech/internal/modules/service_order/application/saga/saga_orchestrator.go:217.106,219.3 1 0
oficina-tech/internal/modules/service_order/application/saga/saga_orchestrator.go:220.2,220.53 1 2
oficina-tech/internal/modules/service_order/application/saga/saga_orchestrator.go:220.53,222.3 1 0
oficina-tech/internal/modules/service_order/application/saga/saga_orchestrator.go:223.2,224.12 2 2
oficina-tech/internal/modules/service_order/application/saga/saga_orchestrator.go:227.151,228.55 1 6
oficina-tech/internal/modules/service_order/application/saga/saga_orchestrator.go:228.55,230.3 1 1
oficina-tech/internal/modules/service_order/application/saga/saga_orchestrator.go:232.2,232.19 1 5
oficina-tech/internal/modules/service_order/application/saga/saga_orchestrator.go:233.26,234.55 1 1
oficina-tech/internal/modules/service_order/application/saga/saga_orchestrator.go:235.35,236.44 1 1
oficina-tech/internal/modules/service_order/application/saga/saga_orchestrator.go:237.61,238.43 1 2
oficina-tech/internal/modules/service_order/application/saga/saga_orchestrator.go:239.10,240.68 1 1
oficina-tech/internal/modules/service_order/application/saga/saga_orchestrator.go:253.9,256.18 3 4
oficina-tech/internal/modules/service_order/application/saga/saga_orchestrator.go:256.18,258.3 1 2
oficina-tech/internal/modules/service_order/application/saga/saga_orchestrator.go:259.2,259.50 1 4
oficina-tech/internal/modules/service_order/application/saga/saga_orchestrator.go:259.50,261.3 1 1
oficina-tech/internal/modules/service_order/application/saga/saga_orchestrator.go:262.2,262.34 1 4
oficina-tech/internal/modules/service_order/application/saga/saga_orchestrator.go:262.34,264.3 1 0
oficina-tech/internal/modules/service_order/application/saga/saga_orchestrator.go:265.2,268.16 3 4
oficina-tech/internal/modules/service_order/application/saga/saga_orchestrator.go:268.16,270.3 1 0
oficina-tech/internal/modules/service_order/application/saga/saga_orchestrator.go:271.2,271.41 1 4
oficina-tech/internal/modules/service_order/application/saga/saga_orchestrator.go:274.150,275.55 1 7
oficina-tech/internal/modules/service_order/application/saga/saga_orchestrator.go:275.55,277.3 1 1
oficina-tech/internal/modules/service_order/application/saga/saga_orchestrator.go:278.2,279.16 2 6
oficina-tech/internal/modules/service_order/application/saga/saga_orchestrator.go:279.16,282.3 2 1
oficina-tech/internal/modules/service_order/application/saga/saga_orchestrator.go:283.2,283.144 1 5
oficina-tech/internal/modules/service_order/application/saga/saga_orchestrator.go:283.144,285.3 1 1
oficina-tech/internal/modules/service_order/application/saga/saga_orchestrator.go:288.79,291.36 3 9
oficina-tech/internal/modules/service_order/application/saga/saga_orchestrator.go:291.36,296.3 1 8
oficina-tech/internal/modules/service_order/application/saga/saga_orchestrator.go:297.2,297.14 1 9
oficina-tech/internal/modules/service_order/application/saga/saga_orchestrator.go:300.65,302.37 2 4
oficina-tech/internal/modules/service_order/application/saga/saga_orchestrator.go:302.37,303.23 1 3
oficina-tech/internal/modules/service_order/application/saga/saga_orchestrator.go:303.23,304.12 1 0
oficina-tech/internal/modules/service_order/application/saga/saga_orchestrator.go:306.3,314.5 1 3
oficina-tech/internal/modules/service_order/application/saga/saga_orchestrator.go:317.2,325.3 1 4
oficina-tech/internal/modules/service_order/application/saga/saga_orchestrator.go:328.88,330.19 2 6
oficina-tech/internal/modules/service_order/application/saga/saga_orchestrator.go:330.19,332.3 1 0
oficina-tech/internal/modules/service_order/application/saga/saga_orchestrator.go:334.2,334.17 1 6
oficina-tech/internal/modules/service_order/application/saga/saga_orchestrator.go:335.48,336.33 1 1
oficina-tech/internal/modules/service_order/application/saga/saga_orchestrator.go:337.37,338.42 1 2
oficina-tech/internal/modules/service_order/application/saga/saga_orchestrator.go:339.47,340.40 1 1
oficina-tech/internal/modules/service_order/application/saga/saga_orchestrator.go:341.36,342.100 1 2
oficina-tech/internal/modules/service_order/application/saga/saga_orchestrator.go:342.100,344.4 1 1
oficina-tech/internal/modules/service_order/application/saga/saga_orchestrator.go:345.3,345.40 1 1
oficina-tech/internal/modules/service_order/application/saga/saga_orchestrator.go:346.10,347.91 1 0
oficina-tech/internal/modules/service_order/domain/service_order/history.go:18.103,19.26 1 0
oficina-tech/internal/modules/service_order/domain/service_order/history.go:19.26,21.3 1 0
oficina-tech/internal/modules/service_order/domain/service_order/history.go:23.2,28.8 1 0
oficina-tech/internal/modules/service_order/domain/service_order/history.go:38.12,46.2 1 0
oficina-tech/internal/modules/service_order/domain/service_order/history.go:49.45,49.60 1 0
oficina-tech/internal/modules/service_order/domain/service_order/history.go:50.45,50.72 1 0
oficina-tech/internal/modules/service_order/domain/service_order/history.go:51.45,51.66 1 0
oficina-tech/internal/modules/service_order/domain/service_order/history.go:52.45,52.64 1 0
oficina-tech/internal/modules/service_order/domain/service_order/history.go:53.45,53.67 1 0
oficina-tech/internal/modules/service_order/domain/service_order/history.go:56.42,57.14 1 0
oficina-tech/internal/modules/service_order/domain/service_order/history.go:57.14,59.3 1 0
oficina-tech/internal/modules/service_order/domain/service_order/history.go:60.2,61.12 2 0
oficina-tech/internal/modules/service_order/domain/service_order/history.go:66.76,70.52 2 0
oficina-tech/internal/modules/service_order/domain/service_order/history.go:70.52,75.3 1 0
oficina-tech/internal/modules/service_order/domain/service_order/history.go:78.2,78.50 1 0
oficina-tech/internal/modules/service_order/domain/service_order/history.go:78.50,83.3 1 0
oficina-tech/internal/modules/service_order/domain/service_order/history.go:86.2,86.44 1 0
oficina-tech/internal/modules/service_order/domain/service_order/history.go:86.44,91.3 1 0
oficina-tech/internal/modules/service_order/domain/service_order/history.go:93.2,93.16 1 0
oficina-tech/internal/modules/service_order/domain/service_order/history.go:98.85,102.57 2 0
oficina-tech/internal/modules/service_order/domain/service_order/history.go:102.57,104.3 1 0
oficina-tech/internal/modules/service_order/domain/service_order/history.go:106.2,106.16 1 0
oficina-tech/internal/modules/service_order/domain/service_order/history.go:111.67,117.48 3 0
oficina-tech/internal/modules/service_order/domain/service_order/history.go:117.48,119.3 1 0
oficina-tech/internal/modules/service_order/domain/service_order/history.go:122.2,123.38 2 0
oficina-tech/internal/modules/service_order/domain/service_order/history.go:123.38,126.3 2 0
oficina-tech/internal/modules/service_order/domain/service_order/history.go:129.2,129.38 1 0
oficina-tech/internal/modules/service_order/domain/service_order/history.go:129.38,131.32 2 0
oficina-tech/internal/modules/service_order/domain/service_order/history.go:131.32,133.4 1 0
oficina-tech/internal/modules/service_order/domain/service_order/history.go:136.2,136.14 1 0
oficina-tech/internal/modules/service_order/domain/service_order/history.go:140.71,142.29 2 0
oficina-tech/internal/modules/service_order/domain/service_order/history.go:142.29,143.24 1 0
oficina-tech/internal/modules/service_order/domain/service_order/history.go:143.24,145.4 1 0
oficina-tech/internal/modules/service_order/domain/service_order/history.go:147.2,147.15 1 0
oficina-tech/internal/modules/service_order/domain/service_order/history.go:151.56,157.2 1 0
oficina-tech/internal/modules/service_order/domain/service_order/history.go:160.79,167.2 1 0
oficina-tech/internal/modules/service_order/domain/service_order/history.go:171.59,174.37 2 0
oficina-tech/internal/modules/service_order/domain/service_order/history.go:174.37,188.3 1 0
oficina-tech/internal/modules/service_order/domain/service_order/history.go:191.2,211.18 2 0
oficina-tech/internal/modules/service_order/domain/service_order/inventory_operation_type.go:17.87,19.45 1 0
oficina-tech/internal/modules/service_order/domain/service_order/inventory_operation_type.go:19.45,23.3 1 0
oficina-tech/internal/modules/service_order/domain/service_order/inventory_operation_type.go:26.2,26.34 1 0
oficina-tech/internal/modules/service_order/domain/service_order/inventory_operation_type.go:26.34,30.3 1 0
oficina-tech/internal/modules/service_order/domain/service_order/inventory_operation_type.go:33.2,33.33 1 0
oficina-tech/internal/modules/service_order/domain/service_order/inventory_operation_type.go:33.33,35.20 1 0
oficina-tech/internal/modules/service_order/domain/service_order/inventory_operation_type.go:40.19,43.5 1 0
oficina-tech/internal/modules/service_order/domain/service_order/inventory_operation_type.go:44.59,48.5 1 0
oficina-tech/internal/modules/service_order/domain/service_order/inventory_operation_type.go:53.2,53.44 1 0
oficina-tech/internal/modules/service_order/domain/service_order/inventory_operation_type.go:53.44,57.3 1 0
oficina-tech/internal/modules/service_order/domain/service_order/inventory_operation_type.go:60.2,62.3 1 0
oficina-tech/internal/modules/service_order/domain/service_order/order_status.go:20.56,22.23 2 0
oficina-tech/internal/modules/service_order/domain/service_order/order_status.go:22.23,24.3 1 0
oficina-tech/internal/modules/service_order/domain/service_order/order_status.go:25.2,25.20 1 0
oficina-tech/internal/modules/service_order/domain/service_order/order_status.go:29.37,30.11 1 3
oficina-tech/internal/modules/service_order/domain/service_order/order_status.go:34.29,35.14 1 3
oficina-tech/internal/modules/service_order/domain/service_order/order_status.go:37.2,37.14 1 0
oficina-tech/internal/modules/service_order/domain/service_order/order_status.go:41.38,43.2 1 0
oficina-tech/internal/modules/service_order/domain/service_order/order_status.go:46.66,48.33 1 8
oficina-tech/internal/modules/service_order/domain/service_order/order_status.go:48.33,50.3 1 4
oficina-tech/internal/modules/service_order/domain/service_order/order_status.go:53.2,53.83 1 4
oficina-tech/internal/modules/service_order/domain/service_order/order_status.go:53.83,55.3 1 0
oficina-tech/internal/modules/service_order/domain/service_order/order_status.go:58.2,58.44 1 4
oficina-tech/internal/modules/service_order/domain/service_order/order_status.go:58.44,60.3 1 0
oficina-tech/internal/modules/service_order/domain/service_order/order_status.go:63.2,94.13 3 4
oficina-tech/internal/modules/service_order/domain/service_order/order_status.go:94.13,96.3 1 0
oficina-tech/internal/modules/service_order/domain/service_order/order_status.go:98.2,98.45 1 4
oficina-tech/internal/modules/service_order/domain/service_order/order_status.go:98.45,99.27 1 5
oficina-tech/internal/modules/service_order/domain/service_order/order_status.go:99.27,101.4 1 3
oficina-tech/internal/modules/service_order/domain/service_order/order_status.go:104.2,104.14 1 1
oficina-tech/internal/modules/service_order/domain/service_order/order_status.go:108.56,109.11 1 0
oficina-tech/internal/modules/service_order/domain/service_order/order_status.go:110.22,111.31 1 0
oficina-tech/internal/modules/service_order/domain/service_order/order_status.go:112.24,113.41 1 0
oficina-tech/internal/modules/service_order/domain/service_order/order_status.go:114.34,115.31 1 0
oficina-tech/internal/modules/service_order/domain/service_order/order_status.go:116.24,117.31 1 0
oficina-tech/internal/modules/service_order/domain/service_order/order_status.go:118.24,119.30 1 0
oficina-tech/internal/modules/service_order/domain/service_order/order_status.go:120.23,121.36 1 0
oficina-tech/internal/modules/service_order/domain/service_order/order_status.go:122.29,123.25 1 0
oficina-tech/internal/modules/service_order/domain/service_order/order_status.go:124.18,125.30 1 0
oficina-tech/internal/modules/service_order/domain/service_order/order_status.go:126.66,127.29 1 0
oficina-tech/internal/modules/service_order/domain/service_order/order_status.go:128.10,129.30 1 0
oficina-tech/internal/modules/service_order/domain/service_order/service_order.go:35.88,36.22 1 1
oficina-tech/internal/modules/service_order/domain/service_order/service_order.go:36.22,38.3 1 0
oficina-tech/internal/modules/service_order/domain/service_order/service_order.go:39.2,39.21 1 1
oficina-tech/internal/modules/service_order/domain/service_order/service_order.go:39.21,41.3 1 0
oficina-tech/internal/modules/service_order/domain/service_order/service_order.go:43.2,53.8 2 1
oficina-tech/internal/modules/service_order/domain/service_order/service_order.go:71.26,72.14 1 1
oficina-tech/internal/modules/service_order/domain/service_order/service_order.go:72.14,74.3 1 0
oficina-tech/internal/modules/service_order/domain/service_order/service_order.go:75.2,75.22 1 1
oficina-tech/internal/modules/service_order/domain/service_order/service_order.go:75.22,77.3 1 0
oficina-tech/internal/modules/service_order/domain/service_order/service_order.go:78.2,78.21 1 1
oficina-tech/internal/modules/service_order/domain/service_order/service_order.go:78.21,80.3 1 0
oficina-tech/internal/modules/service_order/domain/service_order/service_order.go:81.2,81.23 1 1
oficina-tech/internal/modules/service_order/domain/service_order/service_order.go:81.23,83.3 1 0
oficina-tech/internal/modules/service_order/domain/service_order/service_order.go:85.2,85.18 1 1
oficina-tech/internal/modules/service_order/domain/service_order/service_order.go:85.18,87.3 1 0
oficina-tech/internal/modules/service_order/domain/service_order/service_order.go:88.2,88.22 1 1
oficina-tech/internal/modules/service_order/domain/service_order/service_order.go:88.22,90.3 1 0
oficina-tech/internal/modules/service_order/domain/service_order/service_order.go:92.2,110.8 1 1
oficina-tech/internal/modules/service_order/domain/service_order/service_order.go:114.66,115.26 1 0
oficina-tech/internal/modules/service_order/domain/service_order/service_order.go:115.26,117.3 1 0
oficina-tech/internal/modules/service_order/domain/service_order/service_order.go:119.2,119.42 1 0
oficina-tech/internal/modules/service_order/domain/service_order/service_order.go:119.42,121.3 1 0
oficina-tech/internal/modules/service_order/domain/service_order/service_order.go:123.2,129.21 3 0
oficina-tech/internal/modules/service_order/domain/service_order/service_order.go:129.21,132.3 2 0
oficina-tech/internal/modules/service_order/domain/service_order/service_order.go:134.2,134.12 1 0
oficina-tech/internal/modules/service_order/domain/service_order/service_order.go:138.64,139.22 1 0
oficina-tech/internal/modules/service_order/domain/service_order/service_order.go:139.22,141.3 1 0
oficina-tech/internal/modules/service_order/domain/service_order/service_order.go:143.2,145.12 3 0
oficina-tech/internal/modules/service_order/domain/service_order/service_order.go:149.62,150.21 1 0
oficina-tech/internal/modules/service_order/domain/service_order/service_order.go:150.21,152.3 1 0
oficina-tech/internal/modules/service_order/domain/service_order/service_order.go:154.2,156.12 3 0
oficina-tech/internal/modules/service_order/domain/service_order/service_order.go:160.62,163.2 2 0
oficina-tech/internal/modules/service_order/domain/service_order/service_order.go:166.62,168.31 2 0
oficina-tech/internal/modules/service_order/domain/service_order/service_order.go:168.31,169.62 1 0
oficina-tech/internal/modules/service_order/domain/service_order/service_order.go:169.62,171.4 1 0
oficina-tech/internal/modules/service_order/domain/service_order/service_order.go:173.2,173.21 1 0
oficina-tech/internal/modules/service_order/domain/service_order/service_order.go:177.40,181.2 3 0
oficina-tech/internal/modules/service_order/domain/service_order/service_order.go:183.96,184.18 1 2
oficina-tech/internal/modules/service_order/domain/service_order/service_order.go:184.18,186.3 1 0
oficina-tech/internal/modules/service_order/domain/service_order/service_order.go:187.2,187.29 1 2
oficina-tech/internal/modules/service_order/domain/service_order/service_order.go:187.29,189.3 1 0
oficina-tech/internal/modules/service_order/domain/service_order/service_order.go:191.2,196.12 6 2
oficina-tech/internal/modules/service_order/domain/service_order/service_order.go:199.39,205.2 5 1
oficina-tech/internal/modules/service_order/domain/service_order/service_order.go:207.76,208.24 1 0
oficina-tech/internal/modules/service_order/domain/service_order/service_order.go:208.24,210.3 1 0
oficina-tech/internal/modules/service_order/domain/service_order/service_order.go:211.2,211.22 1 0
oficina-tech/internal/modules/service_order/domain/service_order/service_order.go:211.22,213.3 1 0
oficina-tech/internal/modules/service_order/domain/service_order/service_order.go:214.2,214.62 1 0
oficina-tech/internal/modules/service_order/domain/service_order/service_order.go:214.62,216.3 1 0
oficina-tech/internal/modules/service_order/domain/service_order/service_order.go:217.2,224.12 8 0
oficina-tech/internal/modules/service_order/domain/service_order/service_order.go:227.63,228.21 1 0
oficina-tech/internal/modules/service_order/domain/service_order/service_order.go:228.21,230.3 1 0
oficina-tech/internal/modules/service_order/domain/service_order/service_order.go:231.2,231.51 1 0
oficina-tech/internal/modules/service_order/domain/service_order/service_order.go:231.51,233.3 1 0
oficina-tech/internal/modules/service_order/domain/service_order/service_order.go:234.2,240.12 7 0
oficina-tech/internal/modules/service_order/domain/service_order/service_order.go:243.46,244.56 1 0
oficina-tech/internal/modules/service_order/domain/service_order/service_order.go:244.56,246.3 1 0
oficina-tech/internal/modules/service_order/domain/service_order/service_order.go:247.2,252.12 6 0
oficina-tech/internal/modules/service_order/domain/service_order/service_order.go:255.35,261.2 5 1
oficina-tech/internal/modules/service_order/domain/service_order/service_order.go:263.59,267.2 1 3
oficina-tech/internal/modules/service_order/domain/service_order/service_order.go:270.41,272.2 1 0
oficina-tech/internal/modules/service_order/domain/service_order/service_order.go:275.40,280.2 1 0
oficina-tech/internal/modules/service_order/domain/service_order/service_order.go:284.46,286.2 1 0
oficina-tech/internal/modules/service_order/domain/service_order/service_order.go:289.47,290.14 1 1
oficina-tech/internal/modules/service_order/domain/service_order/service_order.go:290.14,292.3 1 0
oficina-tech/internal/modules/service_order/domain/service_order/service_order.go:293.2,294.12 2 1
oficina-tech/internal/modules/service_order/domain/service_order/service_order.go:301.62,302.17 1 0
oficina-tech/internal/modules/service_order/domain/service_order/service_order.go:302.17,304.3 1 0
oficina-tech/internal/modules/service_order/domain/service_order/service_order.go:306.2,306.18 1 0
oficina-tech/internal/modules/service_order/domain/service_order/service_order.go:306.18,308.3 1 0
oficina-tech/internal/modules/service_order/domain/service_order/service_order.go:310.2,310.25 1 0
oficina-tech/internal/modules/service_order/domain/service_order/service_order.go:310.25,312.3 1 0
oficina-tech/internal/modules/service_order/domain/service_order/service_order.go:315.2,315.39 1 0
oficina-tech/internal/modules/service_order/domain/service_order/service_order.go:315.39,318.47 1 0
oficina-tech/internal/modules/service_order/domain/service_order/service_order.go:318.47,321.67 2 0
oficina-tech/internal/modules/service_order/domain/service_order/service_order.go:321.67,323.5 1 0
oficina-tech/internal/modules/service_order/domain/service_order/service_order.go:324.4,325.14 2 0
oficina-tech/internal/modules/service_order/domain/service_order/service_order.go:330.2,332.12 3 0
oficina-tech/internal/modules/service_order/domain/service_order/service_order.go:336.56,337.18 1 0
oficina-tech/internal/modules/service_order/domain/service_order/service_order.go:337.18,339.3 1 0
oficina-tech/internal/modules/service_order/domain/service_order/service_order.go:341.2,341.18 1 0
oficina-tech/internal/modules/service_order/domain/service_order/service_order.go:341.18,343.3 1 0
oficina-tech/internal/modules/service_order/domain/service_order/service_order.go:345.2,345.25 1 0
oficina-tech/internal/modules/service_order/domain/service_order/service_order.go:345.25,347.3 1 0
oficina-tech/internal/modules/service_order/domain/service_order/service_order.go:349.2,349.31 1 0
oficina-tech/internal/modules/service_order/domain/service_order/service_order.go:349.31,350.47 1 0
oficina-tech/internal/modules/service_order/domain/service_order/service_order.go:350.47,354.4 3 0
oficina-tech/internal/modules/service_order/domain/service_order/service_order.go:357.2,357.24 1 0
oficina-tech/internal/modules/service_order/domain/service_order/service_order.go:361.78,362.18 1 0
oficina-tech/internal/modules/service_order/domain/service_order/service_order.go:362.18,364.3 1 0
oficina-tech/internal/modules/service_order/domain/service_order/service_order.go:366.2,366.18 1 0
oficina-tech/internal/modules/service_order/domain/service_order/service_order.go:366.18,368.3 1 0
oficina-tech/internal/modules/service_order/domain/service_order/service_order.go:370.2,370.25 1 0
oficina-tech/internal/modules/service_order/domain/service_order/service_order.go:370.25,372.3 1 0
oficina-tech/internal/modules/service_order/domain/service_order/service_order.go:374.2,374.31 1 0
oficina-tech/internal/modules/service_order/domain/service_order/service_order.go:374.31,375.47 1 0
oficina-tech/internal/modules/service_order/domain/service_order/service_order.go:375.47,376.56 1 0
oficina-tech/internal/modules/service_order/domain/service_order/service_order.go:376.56,378.5 1 0
oficina-tech/internal/modules/service_order/domain/service_order/service_order.go:379.4,380.14 2 0
oficina-tech/internal/modules/service_order/domain/service_order/service_order.go:384.2,384.24 1 0
oficina-tech/internal/modules/service_order/domain/service_order/service_order.go:388.52,390.2 1 0
oficina-tech/internal/modules/service_order/domain/service_order/service_order.go:393.42,395.31 2 0
oficina-tech/internal/modules/service_order/domain/service_order/service_order.go:395.31,396.24 1 0
oficina-tech/internal/modules/service_order/domain/service_order/service_order.go:396.24,398.4 1 0
oficina-tech/internal/modules/service_order/domain/service_order/service_order.go:400.2,400.14 1 0
oficina-tech/internal/modules/service_order/domain/service_order/service_order.go:404.37,407.2 2 0
oficina-tech/internal/modules/service_order/domain/service_order/service_order.go:411.36,413.2 1 1
oficina-tech/internal/modules/service_order/domain/service_order/service_order.go:415.44,417.2 1 0
oficina-tech/internal/modules/service_order/domain/service_order/service_order.go:419.43,421.2 1 0
oficina-tech/internal/modules/service_order/domain/service_order/service_order.go:423.45,425.2 1 0
oficina-tech/internal/modules/service_order/domain/service_order/service_order.go:427.44,429.2 1 3
oficina-tech/internal/modules/service_order/domain/service_order/service_order.go:431.48,433.2 1 2
oficina-tech/internal/modules/service_order/domain/service_order/service_order.go:435.56,437.2 1 1
oficina-tech/internal/modules/service_order/domain/service_order/service_order.go:439.44,441.2 1 0
oficina-tech/internal/modules/service_order/domain/service_order/service_order.go:443.49,445.2 1 0
oficina-tech/internal/modules/service_order/domain/service_order/service_order.go:447.46,449.2 1 0
oficina-tech/internal/modules/service_order/domain/service_order/service_order.go:451.45,453.2 1 0
oficina-tech/internal/modules/service_order/domain/service_order/service_order.go:455.46,457.2 1 0
oficina-tech/internal/modules/service_order/domain/service_order/service_order.go:459.46,461.2 1 0
oficina-tech/internal/modules/service_order/domain/service_order/service_order.go:463.46,465.2 1 0
oficina-tech/internal/modules/service_order/domain/service_order/service_order.go:467.47,469.2 1 0
oficina-tech/internal/modules/service_order/domain/service_order/service_order.go:471.45,473.2 1 0
oficina-tech/internal/modules/service_order/domain/service_order/service_order_item.go:16.34,18.2 1 0
oficina-tech/internal/modules/service_order/domain/service_order/service_order_item.go:44.30,45.25 1 0
oficina-tech/internal/modules/service_order/domain/service_order/service_order_item.go:45.25,47.3 1 0
oficina-tech/internal/modules/service_order/domain/service_order/service_order_item.go:48.2,48.23 1 0
oficina-tech/internal/modules/service_order/domain/service_order/service_order_item.go:48.23,50.3 1 0
oficina-tech/internal/modules/service_order/domain/service_order/service_order_item.go:51.2,51.16 1 0
oficina-tech/internal/modules/service_order/domain/service_order/service_order_item.go:51.16,53.3 1 0
oficina-tech/internal/modules/service_order/domain/service_order/service_order_item.go:54.2,54.19 1 0
oficina-tech/internal/modules/service_order/domain/service_order/service_order_item.go:54.19,56.3 1 0
oficina-tech/internal/modules/service_order/domain/service_order/service_order_item.go:57.2,57.20 1 0
oficina-tech/internal/modules/service_order/domain/service_order/service_order_item.go:57.20,59.3 1 0
oficina-tech/internal/modules/service_order/domain/service_order/service_order_item.go:61.2,71.8 2 0
oficina-tech/internal/modules/service_order/domain/service_order/service_order_item.go:87.21,101.2 1 0
oficina-tech/internal/modules/service_order/domain/service_order/service_order_item.go:104.63,105.19 1 0
oficina-tech/internal/modules/service_order/domain/service_order/service_order_item.go:105.19,107.3 1 0
oficina-tech/internal/modules/service_order/domain/service_order/service_order_item.go:109.2,111.12 3 0
oficina-tech/internal/modules/service_order/domain/service_order/service_order_item.go:115.43,117.2 1 0
oficina-tech/internal/modules/service_order/domain/service_order/service_order_item.go:120.44,124.2 3 0
oficina-tech/internal/modules/service_order/domain/service_order/service_order_item.go:127.45,129.2 1 0
oficina-tech/internal/modules/service_order/domain/service_order/service_order_item.go:132.51,133.14 1 0
oficina-tech/internal/modules/service_order/domain/service_order/service_order_item.go:133.14,135.3 1 0
oficina-tech/internal/modules/service_order/domain/service_order/service_order_item.go:136.2,137.12 2 0
oficina-tech/internal/modules/service_order/domain/service_order/service_order_item.go:141.75,142.26 1 0
oficina-tech/internal/modules/service_order/domain/service_order/service_order_item.go:142.26,144.3 1 0
oficina-tech/internal/modules/service_order/domain/service_order/service_order_item.go:145.2,146.12 2 0
oficina-tech/internal/modules/service_order/domain/service_order/service_order_item.go:150.65,151.21 1 0
oficina-tech/internal/modules/service_order/domain/service_order/service_order_item.go:151.21,153.3 1 0
oficina-tech/internal/modules/service_order/domain/service_order/service_order_item.go:154.2,156.12 3 0
oficina-tech/internal/modules/service_order/domain/service_order/service_order_item.go:161.40,163.2 1 0
oficina-tech/internal/modules/service_order/domain/service_order/service_order_item.go:165.52,167.2 1 0
oficina-tech/internal/modules/service_order/domain/service_order/service_order_item.go:169.48,171.2 1 0
oficina-tech/internal/modules/service_order/domain/service_order/service_order_item.go:173.49,175.2 1 0
oficina-tech/internal/modules/service_order/domain/service_order/service_order_item.go:177.42,179.2 1 0
oficina-tech/internal/modules/service_order/domain/service_order/service_order_item.go:181.43,183.2 1 0
oficina-tech/internal/modules/service_order/domain/service_order/service_order_item.go:185.44,187.2 1 0
oficina-tech/internal/modules/service_order/domain/service_order/service_order_item.go:189.50,191.2 1 0
oficina-tech/internal/modules/service_order/domain/service_order/service_order_item.go:193.50,195.2 1 0
oficina-tech/internal/modules/service_order/domain/service_order/service_order_item.go:197.51,199.2 1 0
oficina-tech/internal/modules/service_order/domain/service_order/service_order_item.go:201.48,203.2 1 0
oficina-tech/internal/modules/service_order/domain/service_order/test_helpers.go:12.70,16.2 3 1
oficina-tech/internal/modules/service_order/domain/service_order/test_helpers.go:19.80,23.2 3 0
oficina-tech/internal/modules/service_order/domain/service_order/test_helpers.go:26.100,28.30 2 1
oficina-tech/internal/modules/service_order/domain/service_order/test_helpers.go:28.30,39.3 5 1
oficina-tech/internal/modules/service_order/domain/service_order/test_helpers.go:40.2,40.14 1 0
oficina-tech/internal/modules/service_order/domain/service_order/test_helpers.go:44.95,48.2 3 0
oficina-tech/internal/modules/service_order/domain/service_order/test_helpers.go:51.119,55.2 3 0
oficina-tech/internal/modules/service_order/domain/service_order/test_helpers.go:58.124,62.2 3 0
oficina-tech/internal/modules/service_order/domain/service_order/test_helpers.go:65.143,69.2 3 0
oficina-tech/internal/modules/service_order/domain/service_order/test_helpers.go:72.73,82.2 4 0
oficina-tech/internal/modules/service_order/domain/service_order/test_helpers.go:85.110,89.2 3 0
oficina-tech/internal/modules/service_order/domain/service_order/test_helpers.go:94.44,101.2 1 0
oficina-tech/internal/modules/service_order/domain/service_order/test_helpers.go:104.59,111.2 1 0
oficina-tech/internal/modules/service_order/domain/service_order/test_helpers.go:114.59,124.2 1 0
oficina-tech/internal/modules/service_order/domain/service_order/test_helpers.go:127.69,137.2 1 0
oficina-tech/internal/modules/service_order/domain/service_order/test_helpers.go:140.42,148.2 1 0
oficina-tech/internal/modules/service_order/domain/service_order/test_helpers.go:151.57,159.2 1 0
oficina-tech/internal/modules/service_order/domain/service_order/test_helpers.go:162.71,170.2 1 0
oficina-tech/internal/modules/service_order/domain/service_order/test_helpers.go:173.42,180.2 1 0
oficina-tech/internal/modules/service_order/domain/service_order/test_helpers.go:183.57,190.2 1 0
oficina-tech/internal/modules/service_order/domain/service_order/test_helpers.go:193.71,200.2 1 0
oficina-tech/internal/modules/service_order/domain/service_order/test_helpers.go:205.28,207.2 1 0
oficina-tech/internal/modules/service_order/domain/service_order/test_helpers.go:210.32,213.2 2 0
oficina-tech/internal/modules/service_order/domain/service_order/test_helpers.go:216.43,218.2 1 0
oficina-tech/internal/modules/service_order/domain/service_order/test_helpers.go:221.47,224.2 2 0
oficina-tech/internal/modules/service_order/domain/service_order/test_helpers.go:229.67,230.34 1 0
oficina-tech/internal/modules/service_order/domain/service_order/test_helpers.go:230.34,232.3 1 0
oficina-tech/internal/modules/service_order/domain/service_order/test_helpers.go:233.2,233.50 1 0
oficina-tech/internal/modules/service_order/domain/service_order/test_helpers.go:233.50,235.3 1 0
oficina-tech/internal/modules/service_order/domain/service_order/test_helpers.go:236.2,236.48 1 0
oficina-tech/internal/modules/service_order/domain/service_order/test_helpers.go:236.48,238.3 1 0
oficina-tech/internal/modules/service_order/domain/service_order/test_helpers.go:239.2,239.42 1 0
oficina-tech/internal/modules/service_order/domain/service_order/test_helpers.go:239.42,241.3 1 0
oficina-tech/internal/modules/service_order/domain/service_order/test_helpers.go:242.2,242.13 1 0
oficina-tech/internal/modules/service_order/domain/service_order/test_helpers.go:246.75,247.46 1 0
oficina-tech/internal/modules/service_order/domain/service_order/test_helpers.go:247.46,249.3 1 0
oficina-tech/internal/modules/service_order/domain/service_order/test_helpers.go:250.2,250.52 1 0
oficina-tech/internal/modules/service_order/domain/service_order/test_helpers.go:250.52,252.3 1 0
oficina-tech/internal/modules/service_order/domain/service_order/test_helpers.go:253.2,253.38 1 0
oficina-tech/internal/modules/service_order/domain/service_order/test_helpers.go:253.38,255.3 1 0
oficina-tech/internal/modules/service_order/domain/service_order/test_helpers.go:256.2,256.46 1 0
oficina-tech/internal/modules/service_order/domain/service_order/test_helpers.go:256.46,258.3 1 0
oficina-tech/internal/modules/service_order/domain/service_order/test_helpers.go:259.2,259.48 1 0
oficina-tech/internal/modules/service_order/domain/service_order/test_helpers.go:259.48,261.3 1 0
oficina-tech/internal/modules/service_order/domain/service_order/test_helpers.go:262.2,262.13 1 0
oficina-tech/internal/modules/service_order/domain/service_order/test_helpers.go:266.57,267.58 1 0
oficina-tech/internal/modules/service_order/domain/service_order/test_helpers.go:267.58,269.3 1 0
oficina-tech/internal/modules/service_order/domain/service_order/test_helpers.go:270.2,270.42 1 0
oficina-tech/internal/modules/service_order/domain/service_order/test_helpers.go:270.42,272.3 1 0
oficina-tech/internal/modules/service_order/domain/service_order/test_helpers.go:273.2,273.13 1 0
oficina-tech/internal/modules/service_order/domain/service_order/test_helpers.go:284.52,287.2 2 0
oficina-tech/internal/modules/service_order/domain/service_order/test_helpers.go:290.70,293.2 2 0
oficina-tech/internal/modules/service_order/domain/service_order/test_helpers.go:296.86,299.2 2 0
oficina-tech/internal/modules/service_order/domain/service_order/test_helpers.go:302.84,305.2 2 0
oficina-tech/internal/modules/service_order/domain/service_order/test_helpers.go:308.83,311.2 2 0
oficina-tech/internal/modules/service_order/domain/service_order/test_helpers.go:314.85,317.2 2 0
oficina-tech/internal/modules/service_order/domain/service_order/test_helpers.go:320.111,324.2 3 0
oficina-tech/internal/modules/service_order/domain/service_order/test_helpers.go:327.111,331.2 3 0
oficina-tech/internal/modules/service_order/domain/service_order/test_helpers.go:334.53,336.2 1 0
oficina-tech/internal/modules/service_order/domain/service_order/test_helpers.go:344.60,347.2 2 0
oficina-tech/internal/modules/service_order/domain/service_order/test_helpers.go:350.78,353.2 2 0
oficina-tech/internal/modules/service_order/domain/service_order/test_helpers.go:356.102,359.2 2 0
oficina-tech/internal/modules/service_order/domain/service_order/test_helpers.go:362.92,375.2 4 0
oficina-tech/internal/modules/service_order/domain/service_order/test_helpers.go:378.90,391.2 4 0
oficina-tech/internal/modules/service_order/domain/service_order/test_helpers.go:394.82,407.2 4 0
oficina-tech/internal/modules/service_order/domain/service_order/test_helpers.go:410.87,413.2 2 0
oficina-tech/internal/modules/service_order/domain/service_order/test_helpers.go:416.89,429.2 4 0
oficina-tech/internal/modules/service_order/domain/service_order/test_helpers.go:432.61,434.2 1 0
oficina-tech/internal/modules/service_order/domain/service_order/test_helpers.go:437.126,439.29 2 0
oficina-tech/internal/modules/service_order/domain/service_order/test_helpers.go:439.29,441.3 1 0
oficina-tech/internal/modules/service_order/domain/service_order/test_helpers.go:442.2,442.14 1 0
oficina-tech/internal/modules/service_order/domain/service_order/test_helpers.go:446.144,450.2 3 0
oficina-tech/internal/modules/service_order/domain/service_order/test_helpers.go:453.146,471.2 5 0
